<?xml version="1.0" encoding="UTF-8"?>
<robot generator="Robot 5.0 (Python 3.9.5 on win32)" generated="20220602 08:52:25.731" rpa="false" schemaversion="3">
<suite id="s1" name="diffLibrary" source="c:\projects\ROBOT\CursoUdemyRobotAvancadoMayara\Libraries\DiffLibrary\diffLibrary.robot">
<test id="s1-t1" name="Comparar dois conteúdos" line="8">
<kw name="Compare &quot;meu_arquivo.txt&quot; e &quot;meu_outro_arquivo.txt&quot;" sourcename="Compare &quot;${ARQUIVO_UM}&quot; e &quot;${ARQUIVO_DOIS}&quot;">
<kw name="Diff Files" library="DiffLibrary">
<arg>${datadir}${/}${ARQUIVO_UM}</arg>
<arg>${datadir}${/}${ARQUIVO_DOIS}</arg>
<doc>Diff two text files</doc>
<msg timestamp="20220602 08:52:25.757" level="INFO">file1: c:\projects\ROBOT\CursoUdemyRobotAvancadoMayara\Libraries\DiffLibrary\meu_arquivo.txt</msg>
<msg timestamp="20220602 08:52:25.757" level="INFO">file2: c:\projects\ROBOT\CursoUdemyRobotAvancadoMayara\Libraries\DiffLibrary\meu_outro_arquivo.txt</msg>
<msg timestamp="20220602 08:52:25.757" level="INFO">C:\Users\win\AppData\Local\Programs\Python\Python39\lib\site-packages\DiffLibrary\bin\diff\diff.exe --strip-trailing-cr  "c:\projects\ROBOT\CursoUdemyRobotAvancadoMayara\Libraries\DiffLibrary\meu_arquivo.txt" "c:\projects\ROBOT\CursoUdemyRobotAvancadoMayara\Libraries\DiffLibrary\meu_outro_arquivo.txt"</msg>
<status status="PASS" starttime="20220602 08:52:25.756" endtime="20220602 08:52:25.775"/>
</kw>
<status status="PASS" starttime="20220602 08:52:25.756" endtime="20220602 08:52:25.775"/>
</kw>
<status status="PASS" starttime="20220602 08:52:25.755" endtime="20220602 08:52:25.775"/>
</test>
<status status="PASS" starttime="20220602 08:52:25.732" endtime="20220602 08:52:25.776"/>
</suite>
<statistics>
<total>
<stat pass="1" fail="0" skip="0">All Tests</stat>
</total>
<tag>
</tag>
<suite>
<stat pass="1" fail="0" skip="0" id="s1" name="diffLibrary">diffLibrary</stat>
</suite>
</statistics>
<errors>
</errors>
</robot>
